[5076:5076:1120/191312.078662:ERROR:interface_endpoint_client.cc(702)] Message 1 rejected by interface blink.mojom.WidgetHost
[5125:5129:1120/191603.440463:ERROR:ssl_client_socket_impl.cc(975)] handshake failed; returned -1, SSL error code 1, net_error -100
[5125:5129:1120/191604.381467:ERROR:ssl_client_socket_impl.cc(975)] handshake failed; returned -1, SSL error code 1, net_error -100
[5125:5129:1120/191604.406215:ERROR:ssl_client_socket_impl.cc(975)] handshake failed; returned -1, SSL error code 1, net_error -100
[5125:5129:1120/191604.671657:ERROR:ssl_client_socket_impl.cc(975)] handshake failed; returned -1, SSL error code 1, net_error -100
[5125:5129:1120/191605.604432:ERROR:ssl_client_socket_impl.cc(975)] handshake failed; returned -1, SSL error code 1, net_error -100
[5125:5129:1120/191605.615787:ERROR:ssl_client_socket_impl.cc(975)] handshake failed; returned -1, SSL error code 1, net_error -100
[5125:5129:1120/191605.640369:ERROR:ssl_client_socket_impl.cc(975)] handshake failed; returned -1, SSL error code 1, net_error -100
[5125:5129:1120/191606.408783:ERROR:ssl_client_socket_impl.cc(975)] handshake failed; returned -1, SSL error code 1, net_error -100
[5125:5129:1120/191606.531324:ERROR:ssl_client_socket_impl.cc(975)] handshake failed; returned -1, SSL error code 1, net_error -100
[5125:5129:1120/191606.826976:ERROR:ssl_client_socket_impl.cc(975)] handshake failed; returned -1, SSL error code 1, net_error -100
[5125:5129:1120/191607.182450:ERROR:ssl_client_socket_impl.cc(975)] handshake failed; returned -1, SSL error code 1, net_error -100
[5125:5129:1120/191607.612995:ERROR:ssl_client_socket_impl.cc(975)] handshake failed; returned -1, SSL error code 1, net_error -100
[5125:5129:1120/191607.759855:ERROR:ssl_client_socket_impl.cc(975)] handshake failed; returned -1, SSL error code 1, net_error -100
[5125:5129:1120/191608.385058:ERROR:ssl_client_socket_impl.cc(975)] handshake failed; returned -1, SSL error code 1, net_error -100
[5125:5129:1120/191807.765639:ERROR:ssl_client_socket_impl.cc(975)] handshake failed; returned -1, SSL error code 1, net_error -100
[5125:5129:1120/191808.975512:ERROR:ssl_client_socket_impl.cc(975)] handshake failed; returned -1, SSL error code 1, net_error -100
[5125:5129:1120/192010.786204:ERROR:ssl_client_socket_impl.cc(975)] handshake failed; returned -1, SSL error code 1, net_error -100
[5125:5129:1120/192012.007906:ERROR:ssl_client_socket_impl.cc(975)] handshake failed; returned -1, SSL error code 1, net_error -100
[5125:5129:1120/192012.444090:ERROR:ssl_client_socket_impl.cc(975)] handshake failed; returned -1, SSL error code 1, net_error -100
[5125:5129:1120/192012.602807:ERROR:ssl_client_socket_impl.cc(975)] handshake failed; returned -1, SSL error code 1, net_error -100
[5125:5129:1120/192012.619851:ERROR:ssl_client_socket_impl.cc(975)] handshake failed; returned -1, SSL error code 1, net_error -100
[5125:5129:1120/192013.655293:ERROR:ssl_client_socket_impl.cc(975)] handshake failed; returned -1, SSL error code 1, net_error -100
[5125:5129:1120/192013.798922:ERROR:ssl_client_socket_impl.cc(975)] handshake failed; returned -1, SSL error code 1, net_error -100
[5125:5129:1120/192013.830512:ERROR:ssl_client_socket_impl.cc(975)] handshake failed; returned -1, SSL error code 1, net_error -100
[5076:5106:1120/192258.400166:ERROR:connection_factory_impl.cc(471)] ConnectionHandler failed with net error: -2
[5076:5076:1120/192445.841153:ERROR:zygote_communication_linux.cc(290)] Failed to send GetTerminationStatus message to zygote
[5076:5106:1120/192445.845272:ERROR:connection_factory_impl.cc(471)] ConnectionHandler failed with net error: -2
[5076:5076:1120/192445.856550:ERROR:zygote_communication_linux.cc(290)] Failed to send GetTerminationStatus message to zygote
[5076:5076:1120/192445.864323:ERROR:zygote_communication_linux.cc(290)] Failed to send GetTerminationStatus message to zygote
[5076:5076:1120/192445.870254:ERROR:zygote_communication_linux.cc(290)] Failed to send GetTerminationStatus message to zygote
[5076:5076:1120/192445.951683:ERROR:network_service_instance_impl.cc(615)] Network service crashed, restarting service.
[5076:5076:1120/192446.076344:ERROR:zygote_communication_linux.cc(290)] Failed to send GetTerminationStatus message to zygote
[5076:5076:1120/192446.121882:ERROR:zygote_communication_linux.cc(290)] Failed to send GetTerminationStatus message to zygote
[5076:5076:1120/192446.189576:ERROR:zygote_communication_linux.cc(290)] Failed to send GetTerminationStatus message to zygote
[5076:5076:1120/192446.196562:ERROR:zygote_communication_linux.cc(290)] Failed to send GetTerminationStatus message to zygote
[5076:5076:1120/192446.245860:ERROR:zygote_communication_linux.cc(290)] Failed to send GetTerminationStatus message to zygote
[5076:5076:1120/192446.249750:ERROR:zygote_communication_linux.cc(290)] Failed to send GetTerminationStatus message to zygote
[5076:5076:1120/192446.358518:ERROR:gpu_process_host.cc(984)] GPU process launch failed: error_code=1002
[5076:5076:1120/192446.470707:ERROR:gpu_process_host.cc(984)] GPU process launch failed: error_code=1002
[5076:5076:1120/192446.499501:ERROR:gpu_process_host.cc(984)] GPU process launch failed: error_code=1002
[5076:5076:1120/192446.501823:ERROR:gpu_process_host.cc(984)] GPU process launch failed: error_code=1002
[5076:5076:1120/192446.505436:ERROR:gpu_process_host.cc(984)] GPU process launch failed: error_code=1002
[5076:5076:1120/192446.506380:ERROR:gpu_process_host.cc(984)] GPU process launch failed: error_code=1002
[5076:5076:1120/192446.506405:FATAL:gpu_data_manager_impl_private.cc(448)] GPU process isn't usable. Goodbye.
[1120/192446.602438:ERROR:elf_dynamic_array_reader.h(64)] tag not found
[1120/192446.688540:ERROR:file_io_posix.cc(144)] open /sys/devices/system/cpu/cpu0/cpufreq/scaling_cur_freq: No such file or directory (2)
[1120/192446.688742:ERROR:file_io_posix.cc(144)] open /sys/devices/system/cpu/cpu0/cpufreq/scaling_max_freq: No such file or directory (2)
[1120/192446.695313:ERROR:directory_reader_posix.cc(42)] opendir /home/abolfazl/.config/google-chrome/Crash Reports/attachments/47a62a44-d4cc-4341-bbfa-b979c19172cf: No such file or directory (2)
[7370:8:1122/141334.094615:ERROR:command_buffer_proxy_impl.cc(127)] ContextResult::kTransientFailure: Failed to send GpuControl.CreateCommandBuffer.
[7293:7320:1122/141338.568971:ERROR:connection_factory_impl.cc(428)] Failed to connect to MCS endpoint with error -130
[7293:7320:1122/141407.970856:ERROR:connection_factory_impl.cc(428)] Failed to connect to MCS endpoint with error -130
[7293:7320:1122/141504.102422:ERROR:connection_factory_impl.cc(428)] Failed to connect to MCS endpoint with error -130
Fontconfig error: Cannot load default config file: No such file: (null)
QSocketNotifier: Can only be used with threads started with QThread
QSocketNotifier: Can only be used with threads started with QThread
Start of data save
End of data save
QSocketNotifier: Can only be used with threads started with QThread
QSocketNotifier: Can only be used with threads started with QThread
[7339:7347:1122/141701.806823:ERROR:ssl_client_socket_impl.cc(975)] handshake failed; returned -1, SSL error code 1, net_error -100
[7339:7347:1122/141703.006548:ERROR:ssl_client_socket_impl.cc(975)] handshake failed; returned -1, SSL error code 1, net_error -100
[7339:7347:1122/141705.854948:ERROR:ssl_client_socket_impl.cc(975)] handshake failed; returned -1, SSL error code 1, net_error -100
[7339:7347:1122/141706.043787:ERROR:ssl_client_socket_impl.cc(975)] handshake failed; returned -1, SSL error code 1, net_error -100
[7339:7347:1122/141707.068953:ERROR:ssl_client_socket_impl.cc(975)] handshake failed; returned -1, SSL error code 1, net_error -100
[7339:7347:1122/141707.245606:ERROR:ssl_client_socket_impl.cc(975)] handshake failed; returned -1, SSL error code 1, net_error -100
[7339:7347:1122/141800.938420:ERROR:ssl_client_socket_impl.cc(975)] handshake failed; returned -1, SSL error code 1, net_error -100
[7339:7347:1122/141802.130549:ERROR:ssl_client_socket_impl.cc(975)] handshake failed; returned -1, SSL error code 1, net_error -100
[7339:7347:1122/141803.319114:ERROR:ssl_client_socket_impl.cc(975)] handshake failed; returned -1, SSL error code 1, net_error -100
[7339:7347:1122/141804.217059:ERROR:ssl_client_socket_impl.cc(975)] handshake failed; returned -1, SSL error code 1, net_error -100
[7339:7347:1122/141804.508900:ERROR:ssl_client_socket_impl.cc(975)] handshake failed; returned -1, SSL error code 1, net_error -100
[7339:7347:1122/141805.418910:ERROR:ssl_client_socket_impl.cc(975)] handshake failed; returned -1, SSL error code 1, net_error -100
[7339:7347:1122/141805.849303:ERROR:ssl_client_socket_impl.cc(975)] handshake failed; returned -1, SSL error code 1, net_error -100
[7339:7347:1122/141806.661927:ERROR:ssl_client_socket_impl.cc(975)] handshake failed; returned -1, SSL error code 1, net_error -100
[7339:7347:1122/141807.060913:ERROR:ssl_client_socket_impl.cc(975)] handshake failed; returned -1, SSL error code 1, net_error -100
[7339:7347:1122/141807.860673:ERROR:ssl_client_socket_impl.cc(975)] handshake failed; returned -1, SSL error code 1, net_error -100
[7339:7347:1122/141809.210565:ERROR:ssl_client_socket_impl.cc(975)] handshake failed; returned -1, SSL error code 1, net_error -100
[7339:7347:1122/141809.222754:ERROR:ssl_client_socket_impl.cc(975)] handshake failed; returned -1, SSL error code 1, net_error -100
[7339:7347:1122/141809.921197:ERROR:ssl_client_socket_impl.cc(975)] handshake failed; returned -1, SSL error code 1, net_error -100
[7339:7347:1122/141810.669720:ERROR:ssl_client_socket_impl.cc(975)] handshake failed; returned -1, SSL error code 1, net_error -100
[7339:7347:1122/141810.691108:ERROR:ssl_client_socket_impl.cc(975)] handshake failed; returned -1, SSL error code 1, net_error -100
[7339:7347:1122/141811.124096:ERROR:ssl_client_socket_impl.cc(975)] handshake failed; returned -1, SSL error code 1, net_error -100
[7339:7347:1122/141811.904652:ERROR:ssl_client_socket_impl.cc(975)] handshake failed; returned -1, SSL error code 1, net_error -100
[7339:7347:1122/141812.312915:ERROR:ssl_client_socket_impl.cc(975)] handshake failed; returned -1, SSL error code 1, net_error -100
[7339:7347:1122/141813.091867:ERROR:ssl_client_socket_impl.cc(975)] handshake failed; returned -1, SSL error code 1, net_error -100
[7339:7347:1122/141813.508458:ERROR:ssl_client_socket_impl.cc(975)] handshake failed; returned -1, SSL error code 1, net_error -100
[7339:7347:1122/141814.284645:ERROR:ssl_client_socket_impl.cc(975)] handshake failed; returned -1, SSL error code 1, net_error -100
[7339:7347:1122/141814.691821:ERROR:ssl_client_socket_impl.cc(975)] handshake failed; returned -1, SSL error code 1, net_error -100
[7339:7347:1122/141815.486132:ERROR:ssl_client_socket_impl.cc(975)] handshake failed; returned -1, SSL error code 1, net_error -100
[7339:7347:1122/141815.890920:ERROR:ssl_client_socket_impl.cc(975)] handshake failed; returned -1, SSL error code 1, net_error -100
[7339:7347:1122/141816.687584:ERROR:ssl_client_socket_impl.cc(975)] handshake failed; returned -1, SSL error code 1, net_error -100
[7339:7347:1122/141817.072080:ERROR:ssl_client_socket_impl.cc(975)] handshake failed; returned -1, SSL error code 1, net_error -100
[7339:7347:1122/141817.873002:ERROR:ssl_client_socket_impl.cc(975)] handshake failed; returned -1, SSL error code 1, net_error -100
[7339:7347:1122/141818.275082:ERROR:ssl_client_socket_impl.cc(975)] handshake failed; returned -1, SSL error code 1, net_error -100
[7339:7347:1122/141819.431532:ERROR:ssl_client_socket_impl.cc(975)] handshake failed; returned -1, SSL error code 1, net_error -100
[7339:7347:1122/141820.628919:ERROR:ssl_client_socket_impl.cc(975)] handshake failed; returned -1, SSL error code 1, net_error -100
[7339:7347:1122/141821.827554:ERROR:ssl_client_socket_impl.cc(975)] handshake failed; returned -1, SSL error code 1, net_error -100
[7339:7347:1122/141823.014275:ERROR:ssl_client_socket_impl.cc(975)] handshake failed; returned -1, SSL error code 1, net_error -100
[7339:7347:1122/141824.203754:ERROR:ssl_client_socket_impl.cc(975)] handshake failed; returned -1, SSL error code 1, net_error -100
[7339:7347:1122/141825.395299:ERROR:ssl_client_socket_impl.cc(975)] handshake failed; returned -1, SSL error code 1, net_error -100
[7339:7347:1122/141826.721068:ERROR:ssl_client_socket_impl.cc(975)] handshake failed; returned -1, SSL error code 1, net_error -100
[7339:7347:1122/141827.912308:ERROR:ssl_client_socket_impl.cc(975)] handshake failed; returned -1, SSL error code 1, net_error -100
[7339:7347:1122/141904.276528:ERROR:ssl_client_socket_impl.cc(975)] handshake failed; returned -1, SSL error code 1, net_error -100
[7339:7347:1122/141905.484020:ERROR:ssl_client_socket_impl.cc(975)] handshake failed; returned -1, SSL error code 1, net_error -100
[7339:7347:1122/141906.088559:ERROR:ssl_client_socket_impl.cc(975)] handshake failed; returned -1, SSL error code 1, net_error -100
[7339:7347:1122/141907.593766:ERROR:ssl_client_socket_impl.cc(975)] handshake failed; returned -1, SSL error code 1, net_error -100
[7339:7347:1122/141907.822439:ERROR:ssl_client_socket_impl.cc(975)] handshake failed; returned -1, SSL error code 1, net_error -100
[7339:7347:1122/141909.028044:ERROR:ssl_client_socket_impl.cc(975)] handshake failed; returned -1, SSL error code 1, net_error -100
[7339:7347:1122/141909.581139:ERROR:ssl_client_socket_impl.cc(975)] handshake failed; returned -1, SSL error code 1, net_error -100
[7339:7347:1122/141910.597583:ERROR:ssl_client_socket_impl.cc(975)] handshake failed; returned -1, SSL error code 1, net_error -100
[7339:7347:1122/141910.764840:ERROR:ssl_client_socket_impl.cc(975)] handshake failed; returned -1, SSL error code 1, net_error -100
[7339:7347:1122/141911.778080:ERROR:ssl_client_socket_impl.cc(975)] handshake failed; returned -1, SSL error code 1, net_error -100
[7339:7347:1122/141912.981461:ERROR:ssl_client_socket_impl.cc(975)] handshake failed; returned -1, SSL error code 1, net_error -100
[7339:7347:1122/141914.168833:ERROR:ssl_client_socket_impl.cc(975)] handshake failed; returned -1, SSL error code 1, net_error -100
[7339:7347:1122/141915.367370:ERROR:ssl_client_socket_impl.cc(975)] handshake failed; returned -1, SSL error code 1, net_error -100
[7339:7347:1122/141916.368425:ERROR:ssl_client_socket_impl.cc(975)] handshake failed; returned -1, SSL error code 1, net_error -100
[7339:7347:1122/141916.572919:ERROR:ssl_client_socket_impl.cc(975)] handshake failed; returned -1, SSL error code 1, net_error -100
[7339:7347:1122/141917.600344:ERROR:ssl_client_socket_impl.cc(975)] handshake failed; returned -1, SSL error code 1, net_error -100
[7339:7347:1122/141918.799918:ERROR:ssl_client_socket_impl.cc(975)] handshake failed; returned -1, SSL error code 1, net_error -100
[7339:7347:1122/141919.999813:ERROR:ssl_client_socket_impl.cc(975)] handshake failed; returned -1, SSL error code 1, net_error -100
[7339:7347:1122/141921.192412:ERROR:ssl_client_socket_impl.cc(975)] handshake failed; returned -1, SSL error code 1, net_error -100
[7339:7347:1122/141921.208448:ERROR:ssl_client_socket_impl.cc(975)] handshake failed; returned -1, SSL error code 1, net_error -100
[7339:7347:1122/141922.382738:ERROR:ssl_client_socket_impl.cc(975)] handshake failed; returned -1, SSL error code 1, net_error -100
[7339:7347:1122/141922.404543:ERROR:ssl_client_socket_impl.cc(975)] handshake failed; returned -1, SSL error code 1, net_error -100
[7339:7347:1122/141923.575279:ERROR:ssl_client_socket_impl.cc(975)] handshake failed; returned -1, SSL error code 1, net_error -100
[7339:7347:1122/141923.600310:ERROR:ssl_client_socket_impl.cc(975)] handshake failed; returned -1, SSL error code 1, net_error -100
[7339:7347:1122/141924.760789:ERROR:ssl_client_socket_impl.cc(975)] handshake failed; returned -1, SSL error code 1, net_error -100
[7339:7347:1122/141924.803420:ERROR:ssl_client_socket_impl.cc(975)] handshake failed; returned -1, SSL error code 1, net_error -100
[7339:7347:1122/141925.945913:ERROR:ssl_client_socket_impl.cc(975)] handshake failed; returned -1, SSL error code 1, net_error -100
[7339:7347:1122/141926.139071:ERROR:ssl_client_socket_impl.cc(975)] handshake failed; returned -1, SSL error code 1, net_error -100
[7339:7347:1122/141927.148046:ERROR:ssl_client_socket_impl.cc(975)] handshake failed; returned -1, SSL error code 1, net_error -100
[7339:7347:1122/141927.333908:ERROR:ssl_client_socket_impl.cc(975)] handshake failed; returned -1, SSL error code 1, net_error -100
[7339:7347:1122/141928.698737:ERROR:ssl_client_socket_impl.cc(975)] handshake failed; returned -1, SSL error code 1, net_error -100
[7339:7347:1122/141929.895868:ERROR:ssl_client_socket_impl.cc(975)] handshake failed; returned -1, SSL error code 1, net_error -100
[7339:7347:1122/142244.228859:ERROR:ssl_client_socket_impl.cc(975)] handshake failed; returned -1, SSL error code 1, net_error -100
[7339:7347:1122/142244.242423:ERROR:ssl_client_socket_impl.cc(975)] handshake failed; returned -1, SSL error code 1, net_error -100
[7339:7347:1122/142244.564136:ERROR:ssl_client_socket_impl.cc(975)] handshake failed; returned -1, SSL error code 1, net_error -100
[7339:7347:1122/142244.571258:ERROR:ssl_client_socket_impl.cc(975)] handshake failed; returned -1, SSL error code 1, net_error -100
[7339:7347:1122/142245.418289:ERROR:ssl_client_socket_impl.cc(975)] handshake failed; returned -1, SSL error code 1, net_error -100
[7339:7347:1122/142245.432690:ERROR:ssl_client_socket_impl.cc(975)] handshake failed; returned -1, SSL error code 1, net_error -100
[7339:7347:1122/142245.767641:ERROR:ssl_client_socket_impl.cc(975)] handshake failed; returned -1, SSL error code 1, net_error -100
[7339:7347:1122/142245.775780:ERROR:ssl_client_socket_impl.cc(975)] handshake failed; returned -1, SSL error code 1, net_error -100
[7339:7347:1122/142246.616533:ERROR:ssl_client_socket_impl.cc(975)] handshake failed; returned -1, SSL error code 1, net_error -100
[7339:7347:1122/142246.974713:ERROR:ssl_client_socket_impl.cc(975)] handshake failed; returned -1, SSL error code 1, net_error -100
[7339:7347:1122/142246.974867:ERROR:ssl_client_socket_impl.cc(975)] handshake failed; returned -1, SSL error code 1, net_error -100
[7339:7347:1122/142247.819640:ERROR:ssl_client_socket_impl.cc(975)] handshake failed; returned -1, SSL error code 1, net_error -100
[7339:7347:1122/142248.156481:ERROR:ssl_client_socket_impl.cc(975)] handshake failed; returned -1, SSL error code 1, net_error -100
[7339:7347:1122/142248.172772:ERROR:ssl_client_socket_impl.cc(975)] handshake failed; returned -1, SSL error code 1, net_error -100
[7339:7347:1122/142249.319798:ERROR:ssl_client_socket_impl.cc(975)] handshake failed; returned -1, SSL error code 1, net_error -100
[7339:7347:1122/142249.356098:ERROR:ssl_client_socket_impl.cc(975)] handshake failed; returned -1, SSL error code 1, net_error -100
[7339:7347:1122/142249.359754:ERROR:ssl_client_socket_impl.cc(975)] handshake failed; returned -1, SSL error code 1, net_error -100
[7339:7347:1122/142250.529305:ERROR:ssl_client_socket_impl.cc(975)] handshake failed; returned -1, SSL error code 1, net_error -100
[7339:7347:1122/142250.560429:ERROR:ssl_client_socket_impl.cc(975)] handshake failed; returned -1, SSL error code 1, net_error -100
[7339:7347:1122/142250.561612:ERROR:ssl_client_socket_impl.cc(975)] handshake failed; returned -1, SSL error code 1, net_error -100
[7339:7347:1122/142251.744655:ERROR:ssl_client_socket_impl.cc(975)] handshake failed; returned -1, SSL error code 1, net_error -100
[7339:7347:1122/142251.774611:ERROR:ssl_client_socket_impl.cc(975)] handshake failed; returned -1, SSL error code 1, net_error -100
[7339:7347:1122/142252.064996:ERROR:ssl_client_socket_impl.cc(975)] handshake failed; returned -1, SSL error code 1, net_error -100
[7339:7347:1122/142252.948402:ERROR:ssl_client_socket_impl.cc(975)] handshake failed; returned -1, SSL error code 1, net_error -100
[7339:7347:1122/142252.977913:ERROR:ssl_client_socket_impl.cc(975)] handshake failed; returned -1, SSL error code 1, net_error -100
[7339:7347:1122/142253.261533:ERROR:ssl_client_socket_impl.cc(975)] handshake failed; returned -1, SSL error code 1, net_error -100
[7339:7347:1122/142254.165276:ERROR:ssl_client_socket_impl.cc(975)] handshake failed; returned -1, SSL error code 1, net_error -100
[7339:7347:1122/142254.173049:ERROR:ssl_client_socket_impl.cc(975)] handshake failed; returned -1, SSL error code 1, net_error -100
[7339:7347:1122/142254.461708:ERROR:ssl_client_socket_impl.cc(975)] handshake failed; returned -1, SSL error code 1, net_error -100
[7339:7347:1122/142255.363929:ERROR:ssl_client_socket_impl.cc(975)] handshake failed; returned -1, SSL error code 1, net_error -100
[7339:7347:1122/142255.375884:ERROR:ssl_client_socket_impl.cc(975)] handshake failed; returned -1, SSL error code 1, net_error -100
[7339:7347:1122/142255.658488:ERROR:ssl_client_socket_impl.cc(975)] handshake failed; returned -1, SSL error code 1, net_error -100
[7339:7347:1122/142256.557378:ERROR:ssl_client_socket_impl.cc(975)] handshake failed; returned -1, SSL error code 1, net_error -100
[7339:7347:1122/142256.858269:ERROR:ssl_client_socket_impl.cc(975)] handshake failed; returned -1, SSL error code 1, net_error -100
[7339:7347:1122/142256.870116:ERROR:ssl_client_socket_impl.cc(975)] handshake failed; returned -1, SSL error code 1, net_error -100
[7339:7347:1122/142257.741058:ERROR:ssl_client_socket_impl.cc(975)] handshake failed; returned -1, SSL error code 1, net_error -100
[7339:7347:1122/142258.057524:ERROR:ssl_client_socket_impl.cc(975)] handshake failed; returned -1, SSL error code 1, net_error -100
[7339:7347:1122/142258.067327:ERROR:ssl_client_socket_impl.cc(975)] handshake failed; returned -1, SSL error code 1, net_error -100
[7339:7347:1122/142258.936640:ERROR:ssl_client_socket_impl.cc(975)] handshake failed; returned -1, SSL error code 1, net_error -100
[7339:7347:1122/142259.567108:ERROR:ssl_client_socket_impl.cc(975)] handshake failed; returned -1, SSL error code 1, net_error -100
[7339:7347:1122/142259.679824:ERROR:ssl_client_socket_impl.cc(975)] handshake failed; returned -1, SSL error code 1, net_error -100
[7339:7347:1122/142300.142554:ERROR:ssl_client_socket_impl.cc(975)] handshake failed; returned -1, SSL error code 1, net_error -100
[7339:7347:1122/142300.753764:ERROR:ssl_client_socket_impl.cc(975)] handshake failed; returned -1, SSL error code 1, net_error -100
[7339:7347:1122/142300.874335:ERROR:ssl_client_socket_impl.cc(975)] handshake failed; returned -1, SSL error code 1, net_error -100
[7339:7347:1122/142301.983278:ERROR:ssl_client_socket_impl.cc(975)] handshake failed; returned -1, SSL error code 1, net_error -100
[7339:7347:1122/142302.371277:ERROR:ssl_client_socket_impl.cc(975)] handshake failed; returned -1, SSL error code 1, net_error -100
[7339:7347:1122/142303.187678:ERROR:ssl_client_socket_impl.cc(975)] handshake failed; returned -1, SSL error code 1, net_error -100
[7339:7347:1122/142303.560986:ERROR:ssl_client_socket_impl.cc(975)] handshake failed; returned -1, SSL error code 1, net_error -100
[7339:7347:1122/142406.611185:ERROR:ssl_client_socket_impl.cc(975)] handshake failed; returned -1, SSL error code 1, net_error -100
[7339:7347:1122/142407.815158:ERROR:ssl_client_socket_impl.cc(975)] handshake failed; returned -1, SSL error code 1, net_error -100
[7339:7347:1122/142409.607680:ERROR:ssl_client_socket_impl.cc(975)] handshake failed; returned -1, SSL error code 1, net_error -100
[7339:7347:1122/142410.426945:ERROR:ssl_client_socket_impl.cc(975)] handshake failed; returned -1, SSL error code 1, net_error -100
[7339:7347:1122/142410.819514:ERROR:ssl_client_socket_impl.cc(975)] handshake failed; returned -1, SSL error code 1, net_error -100
[7339:7347:1122/142412.627708:ERROR:ssl_client_socket_impl.cc(975)] handshake failed; returned -1, SSL error code 1, net_error -100
Fontconfig error: Cannot load default config file: No such file: (null)
[7293:7293:1122/142412.903125:ERROR:interface_endpoint_client.cc(702)] Message 3 rejected by interface blink.mojom.Widget
[7293:7293:1122/142412.903887:ERROR:interface_endpoint_client.cc(702)] Message 3 rejected by interface blink.mojom.Widget
[7339:7347:1122/142416.099099:ERROR:ssl_client_socket_impl.cc(975)] handshake failed; returned -1, SSL error code 1, net_error -100
[7339:7347:1122/142418.297804:ERROR:ssl_client_socket_impl.cc(975)] handshake failed; returned -1, SSL error code 1, net_error -100
[7339:7347:1122/142425.599464:ERROR:ssl_client_socket_impl.cc(975)] handshake failed; returned -1, SSL error code 1, net_error -100
[7339:7347:1122/142427.824659:ERROR:ssl_client_socket_impl.cc(975)] handshake failed; returned -1, SSL error code 1, net_error -100
[7339:7347:1122/142433.028833:ERROR:ssl_client_socket_impl.cc(975)] handshake failed; returned -1, SSL error code 1, net_error -100
[7339:7347:1122/142434.227007:ERROR:ssl_client_socket_impl.cc(975)] handshake failed; returned -1, SSL error code 1, net_error -100
[7339:7347:1122/142438.455410:ERROR:ssl_client_socket_impl.cc(975)] handshake failed; returned -1, SSL error code 1, net_error -100
[7339:7347:1122/142439.682104:ERROR:ssl_client_socket_impl.cc(975)] handshake failed; returned -1, SSL error code 1, net_error -100
[7339:7347:1122/142442.869131:ERROR:ssl_client_socket_impl.cc(975)] handshake failed; returned -1, SSL error code 1, net_error -100
[7339:7347:1122/142443.311337:ERROR:ssl_client_socket_impl.cc(975)] handshake failed; returned -1, SSL error code 1, net_error -100
[7339:7347:1122/142443.483903:ERROR:ssl_client_socket_impl.cc(975)] handshake failed; returned -1, SSL error code 1, net_error -100
[7339:7347:1122/142444.236154:ERROR:ssl_client_socket_impl.cc(975)] handshake failed; returned -1, SSL error code 1, net_error -100
[7339:7347:1122/142444.552679:ERROR:ssl_client_socket_impl.cc(975)] handshake failed; returned -1, SSL error code 1, net_error -100
[7339:7347:1122/142444.666683:ERROR:ssl_client_socket_impl.cc(975)] handshake failed; returned -1, SSL error code 1, net_error -100
[7339:7347:1122/142445.157776:ERROR:ssl_client_socket_impl.cc(975)] handshake failed; returned -1, SSL error code 1, net_error -100
Fontconfig error: Cannot load default config file: No such file: (null)
[7339:7347:1122/142445.509683:ERROR:ssl_client_socket_impl.cc(975)] handshake failed; returned -1, SSL error code 1, net_error -100
[7339:7347:1122/142449.207898:ERROR:ssl_client_socket_impl.cc(975)] handshake failed; returned -1, SSL error code 1, net_error -100
[7339:7347:1122/142451.449070:ERROR:ssl_client_socket_impl.cc(975)] handshake failed; returned -1, SSL error code 1, net_error -100
[7339:7347:1122/142458.695207:ERROR:ssl_client_socket_impl.cc(975)] handshake failed; returned -1, SSL error code 1, net_error -100
[7339:7347:1122/142500.923813:ERROR:ssl_client_socket_impl.cc(975)] handshake failed; returned -1, SSL error code 1, net_error -100
[7339:7347:1122/142518.906344:ERROR:ssl_client_socket_impl.cc(975)] handshake failed; returned -1, SSL error code 1, net_error -100
[7339:7347:1122/142520.086787:ERROR:ssl_client_socket_impl.cc(975)] handshake failed; returned -1, SSL error code 1, net_error -100
[7339:7347:1122/142523.172975:ERROR:ssl_client_socket_impl.cc(975)] handshake failed; returned -1, SSL error code 1, net_error -100
[7339:7347:1122/142525.382412:ERROR:ssl_client_socket_impl.cc(975)] handshake failed; returned -1, SSL error code 1, net_error -100
[7339:7347:1122/142527.125980:ERROR:ssl_client_socket_impl.cc(975)] handshake failed; returned -1, SSL error code 1, net_error -100
[7339:7347:1122/142528.647922:ERROR:ssl_client_socket_impl.cc(975)] handshake failed; returned -1, SSL error code 1, net_error -100
[7339:7347:1122/142537.803594:ERROR:ssl_client_socket_impl.cc(975)] handshake failed; returned -1, SSL error code 1, net_error -100
[7339:7347:1122/142537.803972:ERROR:ssl_client_socket_impl.cc(975)] handshake failed; returned -1, SSL error code 1, net_error -100
[7339:7347:1122/142537.804049:ERROR:ssl_client_socket_impl.cc(975)] handshake failed; returned -1, SSL error code 1, net_error -100
[7339:7347:1122/142537.805634:ERROR:ssl_client_socket_impl.cc(975)] handshake failed; returned -1, SSL error code 1, net_error -100
[7339:7347:1122/142537.822127:ERROR:ssl_client_socket_impl.cc(975)] handshake failed; returned -1, SSL error code 1, net_error -100
[7339:7347:1122/142538.103110:ERROR:ssl_client_socket_impl.cc(975)] handshake failed; returned -1, SSL error code 1, net_error -100
[7339:7347:1122/142538.993272:ERROR:ssl_client_socket_impl.cc(975)] handshake failed; returned -1, SSL error code 1, net_error -100
[7339:7347:1122/142539.000988:ERROR:ssl_client_socket_impl.cc(975)] handshake failed; returned -1, SSL error code 1, net_error -100
[7339:7347:1122/142539.013168:ERROR:ssl_client_socket_impl.cc(975)] handshake failed; returned -1, SSL error code 1, net_error -100
[7339:7347:1122/142539.025172:ERROR:ssl_client_socket_impl.cc(975)] handshake failed; returned -1, SSL error code 1, net_error -100
[7339:7347:1122/142539.037096:ERROR:ssl_client_socket_impl.cc(975)] handshake failed; returned -1, SSL error code 1, net_error -100
[7339:7347:1122/142539.299886:ERROR:ssl_client_socket_impl.cc(975)] handshake failed; returned -1, SSL error code 1, net_error -100
[7339:7347:1122/142540.212079:ERROR:ssl_client_socket_impl.cc(975)] handshake failed; returned -1, SSL error code 1, net_error -100
[7339:7347:1122/142540.213006:ERROR:ssl_client_socket_impl.cc(975)] handshake failed; returned -1, SSL error code 1, net_error -100
[7339:7347:1122/142540.233331:ERROR:ssl_client_socket_impl.cc(975)] handshake failed; returned -1, SSL error code 1, net_error -100
[7339:7347:1122/142540.237632:ERROR:ssl_client_socket_impl.cc(975)] handshake failed; returned -1, SSL error code 1, net_error -100
[7339:7347:1122/142540.514408:ERROR:ssl_client_socket_impl.cc(975)] handshake failed; returned -1, SSL error code 1, net_error -100
[7339:7347:1122/142541.405215:ERROR:ssl_client_socket_impl.cc(975)] handshake failed; returned -1, SSL error code 1, net_error -100
[7339:7347:1122/142541.432362:ERROR:ssl_client_socket_impl.cc(975)] handshake failed; returned -1, SSL error code 1, net_error -100
[7339:7347:1122/142541.433673:ERROR:ssl_client_socket_impl.cc(975)] handshake failed; returned -1, SSL error code 1, net_error -100
[7339:7347:1122/142541.459346:ERROR:ssl_client_socket_impl.cc(975)] handshake failed; returned -1, SSL error code 1, net_error -100
[7339:7347:1122/142541.702332:ERROR:ssl_client_socket_impl.cc(975)] handshake failed; returned -1, SSL error code 1, net_error -100
[7339:7347:1122/142542.604564:ERROR:ssl_client_socket_impl.cc(975)] handshake failed; returned -1, SSL error code 1, net_error -100
[7339:7347:1122/142542.653201:ERROR:ssl_client_socket_impl.cc(975)] handshake failed; returned -1, SSL error code 1, net_error -100
[7339:7347:1122/142542.676494:ERROR:ssl_client_socket_impl.cc(975)] handshake failed; returned -1, SSL error code 1, net_error -100
[7339:7347:1122/142542.687367:ERROR:ssl_client_socket_impl.cc(975)] handshake failed; returned -1, SSL error code 1, net_error -100
[7339:7347:1122/142542.788431:ERROR:ssl_client_socket_impl.cc(975)] handshake failed; returned -1, SSL error code 1, net_error -100
[7339:7347:1122/142543.808728:ERROR:ssl_client_socket_impl.cc(975)] handshake failed; returned -1, SSL error code 1, net_error -100
[7339:7347:1122/142543.858656:ERROR:ssl_client_socket_impl.cc(975)] handshake failed; returned -1, SSL error code 1, net_error -100
[7339:7347:1122/142543.858757:ERROR:ssl_client_socket_impl.cc(975)] handshake failed; returned -1, SSL error code 1, net_error -100
[7339:7347:1122/142543.877919:ERROR:ssl_client_socket_impl.cc(975)] handshake failed; returned -1, SSL error code 1, net_error -100
[7339:7347:1122/142543.991838:ERROR:ssl_client_socket_impl.cc(975)] handshake failed; returned -1, SSL error code 1, net_error -100
[7339:7347:1122/142545.019023:ERROR:ssl_client_socket_impl.cc(975)] handshake failed; returned -1, SSL error code 1, net_error -100
[7339:7347:1122/142545.044480:ERROR:ssl_client_socket_impl.cc(975)] handshake failed; returned -1, SSL error code 1, net_error -100
[7339:7347:1122/142545.081539:ERROR:ssl_client_socket_impl.cc(975)] handshake failed; returned -1, SSL error code 1, net_error -100
[7339:7347:1122/142545.104013:ERROR:ssl_client_socket_impl.cc(975)] handshake failed; returned -1, SSL error code 1, net_error -100
[7339:7347:1122/142545.190725:ERROR:ssl_client_socket_impl.cc(975)] handshake failed; returned -1, SSL error code 1, net_error -100
[7339:7347:1122/142546.209280:ERROR:ssl_client_socket_impl.cc(975)] handshake failed; returned -1, SSL error code 1, net_error -100
[7339:7347:1122/142546.257017:ERROR:ssl_client_socket_impl.cc(975)] handshake failed; returned -1, SSL error code 1, net_error -100
[7339:7347:1122/142546.291236:ERROR:ssl_client_socket_impl.cc(975)] handshake failed; returned -1, SSL error code 1, net_error -100
[7339:7347:1122/142546.299746:ERROR:ssl_client_socket_impl.cc(975)] handshake failed; returned -1, SSL error code 1, net_error -100
[7339:7347:1122/142546.405131:ERROR:ssl_client_socket_impl.cc(975)] handshake failed; returned -1, SSL error code 1, net_error -100
[7339:7347:1122/142547.398477:ERROR:ssl_client_socket_impl.cc(975)] handshake failed; returned -1, SSL error code 1, net_error -100
[7339:7347:1122/142547.426193:ERROR:ssl_client_socket_impl.cc(975)] handshake failed; returned -1, SSL error code 1, net_error -100
[7339:7347:1122/142547.438826:ERROR:ssl_client_socket_impl.cc(975)] handshake failed; returned -1, SSL error code 1, net_error -100
[7339:7347:1122/142547.452664:ERROR:ssl_client_socket_impl.cc(975)] handshake failed; returned -1, SSL error code 1, net_error -100
[7339:7347:1122/142547.498161:ERROR:ssl_client_socket_impl.cc(975)] handshake failed; returned -1, SSL error code 1, net_error -100
[7339:7347:1122/142547.604840:ERROR:ssl_client_socket_impl.cc(975)] handshake failed; returned -1, SSL error code 1, net_error -100
[7339:7347:1122/142547.614721:ERROR:ssl_client_socket_impl.cc(975)] handshake failed; returned -1, SSL error code 1, net_error -100
[7339:7347:1122/142547.756879:ERROR:ssl_client_socket_impl.cc(975)] handshake failed; returned -1, SSL error code 1, net_error -100
[7339:7347:1122/142548.591587:ERROR:ssl_client_socket_impl.cc(975)] handshake failed; returned -1, SSL error code 1, net_error -100
[7339:7347:1122/142548.610240:ERROR:ssl_client_socket_impl.cc(975)] handshake failed; returned -1, SSL error code 1, net_error -100
[7339:7347:1122/142548.629692:ERROR:ssl_client_socket_impl.cc(975)] handshake failed; returned -1, SSL error code 1, net_error -100
[7339:7347:1122/142548.646921:ERROR:ssl_client_socket_impl.cc(975)] handshake failed; returned -1, SSL error code 1, net_error -100
[7339:7347:1122/142548.700988:ERROR:ssl_client_socket_impl.cc(975)] handshake failed; returned -1, SSL error code 1, net_error -100
[7339:7347:1122/142548.797043:ERROR:ssl_client_socket_impl.cc(975)] handshake failed; returned -1, SSL error code 1, net_error -100
[7339:7347:1122/142548.806396:ERROR:ssl_client_socket_impl.cc(975)] handshake failed; returned -1, SSL error code 1, net_error -100
[7339:7347:1122/142548.951744:ERROR:ssl_client_socket_impl.cc(975)] handshake failed; returned -1, SSL error code 1, net_error -100
[7339:7347:1122/142549.807802:ERROR:ssl_client_socket_impl.cc(975)] handshake failed; returned -1, SSL error code 1, net_error -100
[7339:7347:1122/142549.848285:ERROR:ssl_client_socket_impl.cc(975)] handshake failed; returned -1, SSL error code 1, net_error -100
[7339:7347:1122/142549.865051:ERROR:ssl_client_socket_impl.cc(975)] handshake failed; returned -1, SSL error code 1, net_error -100
[7339:7347:1122/142549.904694:ERROR:ssl_client_socket_impl.cc(975)] handshake failed; returned -1, SSL error code 1, net_error -100
[7339:7347:1122/142549.996107:ERROR:ssl_client_socket_impl.cc(975)] handshake failed; returned -1, SSL error code 1, net_error -100
[7339:7347:1122/142550.028263:ERROR:ssl_client_socket_impl.cc(975)] handshake failed; returned -1, SSL error code 1, net_error -100
[7339:7347:1122/142550.141902:ERROR:ssl_client_socket_impl.cc(975)] handshake failed; returned -1, SSL error code 1, net_error -100
[7339:7347:1122/142551.003232:ERROR:ssl_client_socket_impl.cc(975)] handshake failed; returned -1, SSL error code 1, net_error -100
[7339:7347:1122/142551.044824:ERROR:ssl_client_socket_impl.cc(975)] handshake failed; returned -1, SSL error code 1, net_error -100
[7339:7347:1122/142551.061681:ERROR:ssl_client_socket_impl.cc(975)] handshake failed; returned -1, SSL error code 1, net_error -100
[7339:7347:1122/142551.115557:ERROR:ssl_client_socket_impl.cc(975)] handshake failed; returned -1, SSL error code 1, net_error -100
[7339:7347:1122/142551.195906:ERROR:ssl_client_socket_impl.cc(975)] handshake failed; returned -1, SSL error code 1, net_error -100
[7339:7347:1122/142551.221526:ERROR:ssl_client_socket_impl.cc(975)] handshake failed; returned -1, SSL error code 1, net_error -100
[7339:7347:1122/142551.342211:ERROR:ssl_client_socket_impl.cc(975)] handshake failed; returned -1, SSL error code 1, net_error -100
[7339:7347:1122/142552.197035:ERROR:ssl_client_socket_impl.cc(975)] handshake failed; returned -1, SSL error code 1, net_error -100
[7339:7347:1122/142552.256522:ERROR:ssl_client_socket_impl.cc(975)] handshake failed; returned -1, SSL error code 1, net_error -100
[7339:7347:1122/142552.267493:ERROR:ssl_client_socket_impl.cc(975)] handshake failed; returned -1, SSL error code 1, net_error -100
[7339:7347:1122/142552.305490:ERROR:ssl_client_socket_impl.cc(975)] handshake failed; returned -1, SSL error code 1, net_error -100
[7339:7347:1122/142552.397790:ERROR:ssl_client_socket_impl.cc(975)] handshake failed; returned -1, SSL error code 1, net_error -100
[7339:7347:1122/142553.231444:ERROR:ssl_client_socket_impl.cc(975)] handshake failed; returned -1, SSL error code 1, net_error -100
[7339:7347:1122/142553.411064:ERROR:ssl_client_socket_impl.cc(975)] handshake failed; returned -1, SSL error code 1, net_error -100
[7339:7347:1122/142553.446776:ERROR:ssl_client_socket_impl.cc(975)] handshake failed; returned -1, SSL error code 1, net_error -100
[7339:7347:1122/142553.459489:ERROR:ssl_client_socket_impl.cc(975)] handshake failed; returned -1, SSL error code 1, net_error -100
[7339:7347:1122/142553.519815:ERROR:ssl_client_socket_impl.cc(975)] handshake failed; returned -1, SSL error code 1, net_error -100
[7339:7347:1122/142553.610418:ERROR:ssl_client_socket_impl.cc(975)] handshake failed; returned -1, SSL error code 1, net_error -100
[7339:7347:1122/142554.422150:ERROR:ssl_client_socket_impl.cc(975)] handshake failed; returned -1, SSL error code 1, net_error -100
[7339:7347:1122/142554.647272:ERROR:ssl_client_socket_impl.cc(975)] handshake failed; returned -1, SSL error code 1, net_error -100
[7339:7347:1122/142554.655370:ERROR:ssl_client_socket_impl.cc(975)] handshake failed; returned -1, SSL error code 1, net_error -100
[7339:7347:1122/142554.709854:ERROR:ssl_client_socket_impl.cc(975)] handshake failed; returned -1, SSL error code 1, net_error -100
[7339:7347:1122/142555.895422:ERROR:ssl_client_socket_impl.cc(975)] handshake failed; returned -1, SSL error code 1, net_error -100
[7339:7347:1122/142555.895696:ERROR:ssl_client_socket_impl.cc(975)] handshake failed; returned -1, SSL error code 1, net_error -100
[7339:7347:1122/142555.905847:ERROR:ssl_client_socket_impl.cc(975)] handshake failed; returned -1, SSL error code 1, net_error -100
[7339:7347:1122/142557.099237:ERROR:ssl_client_socket_impl.cc(975)] handshake failed; returned -1, SSL error code 1, net_error -100
[7339:7347:1122/142557.122459:ERROR:ssl_client_socket_impl.cc(975)] handshake failed; returned -1, SSL error code 1, net_error -100
[7339:7347:1122/142557.244401:ERROR:ssl_client_socket_impl.cc(975)] handshake failed; returned -1, SSL error code 1, net_error -100
[7339:7347:1122/142557.661287:ERROR:ssl_client_socket_impl.cc(975)] handshake failed; returned -1, SSL error code 1, net_error -100
[7339:7347:1122/142558.299081:ERROR:ssl_client_socket_impl.cc(975)] handshake failed; returned -1, SSL error code 1, net_error -100
[7339:7347:1122/142558.324606:ERROR:ssl_client_socket_impl.cc(975)] handshake failed; returned -1, SSL error code 1, net_error -100
[7339:7347:1122/142558.436351:ERROR:ssl_client_socket_impl.cc(975)] handshake failed; returned -1, SSL error code 1, net_error -100
[7339:7347:1122/142559.517081:ERROR:ssl_client_socket_impl.cc(975)] handshake failed; returned -1, SSL error code 1, net_error -100
[7339:7347:1122/142559.759293:ERROR:ssl_client_socket_impl.cc(975)] handshake failed; returned -1, SSL error code 1, net_error -100
[7339:7347:1122/142559.849280:ERROR:ssl_client_socket_impl.cc(975)] handshake failed; returned -1, SSL error code 1, net_error -100
[7339:7347:1122/142600.710400:ERROR:ssl_client_socket_impl.cc(975)] handshake failed; returned -1, SSL error code 1, net_error -100
[7339:7347:1122/142600.955393:ERROR:ssl_client_socket_impl.cc(975)] handshake failed; returned -1, SSL error code 1, net_error -100
[7339:7347:1122/142618.341648:ERROR:ssl_client_socket_impl.cc(975)] handshake failed; returned -1, SSL error code 1, net_error -100
[7339:7347:1122/142620.536245:ERROR:ssl_client_socket_impl.cc(975)] handshake failed; returned -1, SSL error code 1, net_error -100
[7339:7347:1122/142636.076928:ERROR:ssl_client_socket_impl.cc(975)] handshake failed; returned -1, SSL error code 1, net_error -100
[7339:7347:1122/142636.093535:ERROR:ssl_client_socket_impl.cc(975)] handshake failed; returned -1, SSL error code 1, net_error -100
[7339:7347:1122/142636.331560:ERROR:ssl_client_socket_impl.cc(975)] handshake failed; returned -1, SSL error code 1, net_error -100
[7339:7347:1122/142637.262396:ERROR:ssl_client_socket_impl.cc(975)] handshake failed; returned -1, SSL error code 1, net_error -100
[7339:7347:1122/142637.288241:ERROR:ssl_client_socket_impl.cc(975)] handshake failed; returned -1, SSL error code 1, net_error -100
[7339:7347:1122/142637.597132:ERROR:ssl_client_socket_impl.cc(975)] handshake failed; returned -1, SSL error code 1, net_error -100
[7339:7347:1122/142638.813230:ERROR:ssl_client_socket_impl.cc(975)] handshake failed; returned -1, SSL error code 1, net_error -100
[7339:7347:1122/142640.002659:ERROR:ssl_client_socket_impl.cc(975)] handshake failed; returned -1, SSL error code 1, net_error -100
[7339:7347:1122/142641.198454:ERROR:ssl_client_socket_impl.cc(975)] handshake failed; returned -1, SSL error code 1, net_error -100
[7339:7347:1122/142642.399165:ERROR:ssl_client_socket_impl.cc(975)] handshake failed; returned -1, SSL error code 1, net_error -100
[7339:7347:1122/142643.606006:ERROR:ssl_client_socket_impl.cc(975)] handshake failed; returned -1, SSL error code 1, net_error -100
[7339:7347:1122/142644.821645:ERROR:ssl_client_socket_impl.cc(975)] handshake failed; returned -1, SSL error code 1, net_error -100
[7339:7347:1122/142646.017248:ERROR:ssl_client_socket_impl.cc(975)] handshake failed; returned -1, SSL error code 1, net_error -100
[7339:7347:1122/142647.215760:ERROR:ssl_client_socket_impl.cc(975)] handshake failed; returned -1, SSL error code 1, net_error -100
[7339:7347:1122/142648.441367:ERROR:ssl_client_socket_impl.cc(975)] handshake failed; returned -1, SSL error code 1, net_error -100
[7339:7347:1122/142648.740223:ERROR:ssl_client_socket_impl.cc(975)] handshake failed; returned -1, SSL error code 1, net_error -100
[7339:7347:1122/142649.644650:ERROR:ssl_client_socket_impl.cc(975)] handshake failed; returned -1, SSL error code 1, net_error -100
[7339:7347:1122/142649.947353:ERROR:ssl_client_socket_impl.cc(975)] handshake failed; returned -1, SSL error code 1, net_error -100
[7339:7347:1122/142651.187866:ERROR:ssl_client_socket_impl.cc(975)] handshake failed; returned -1, SSL error code 1, net_error -100
[7339:7347:1122/142651.942401:ERROR:ssl_client_socket_impl.cc(975)] handshake failed; returned -1, SSL error code 1, net_error -100
[7339:7347:1122/142652.409731:ERROR:ssl_client_socket_impl.cc(975)] handshake failed; returned -1, SSL error code 1, net_error -100
[7339:7347:1122/142653.136446:ERROR:ssl_client_socket_impl.cc(975)] handshake failed; returned -1, SSL error code 1, net_error -100
[7339:7347:1122/142653.604127:ERROR:ssl_client_socket_impl.cc(975)] handshake failed; returned -1, SSL error code 1, net_error -100
[7339:7347:1122/142654.338808:ERROR:ssl_client_socket_impl.cc(975)] handshake failed; returned -1, SSL error code 1, net_error -100
[7339:7347:1122/142654.804416:ERROR:ssl_client_socket_impl.cc(975)] handshake failed; returned -1, SSL error code 1, net_error -100
[7339:7347:1122/142655.542283:ERROR:ssl_client_socket_impl.cc(975)] handshake failed; returned -1, SSL error code 1, net_error -100
[7339:7347:1122/142655.996130:ERROR:ssl_client_socket_impl.cc(975)] handshake failed; returned -1, SSL error code 1, net_error -100
[7339:7347:1122/142656.740887:ERROR:ssl_client_socket_impl.cc(975)] handshake failed; returned -1, SSL error code 1, net_error -100
[7339:7347:1122/142657.207113:ERROR:ssl_client_socket_impl.cc(975)] handshake failed; returned -1, SSL error code 1, net_error -100
[7339:7347:1122/142702.992987:ERROR:ssl_client_socket_impl.cc(975)] handshake failed; returned -1, SSL error code 1, net_error -100
[7339:7347:1122/142703.007201:ERROR:ssl_client_socket_impl.cc(975)] handshake failed; returned -1, SSL error code 1, net_error -100
[7293:7320:1122/142703.356760:ERROR:connection_factory_impl.cc(471)] ConnectionHandler failed with net error: -2
[7339:7347:1122/142704.188770:ERROR:ssl_client_socket_impl.cc(975)] handshake failed; returned -1, SSL error code 1, net_error -100
[7339:7347:1122/142704.213197:ERROR:ssl_client_socket_impl.cc(975)] handshake failed; returned -1, SSL error code 1, net_error -100
[7339:7347:1122/142705.386276:ERROR:ssl_client_socket_impl.cc(975)] handshake failed; returned -1, SSL error code 1, net_error -100
[7339:7347:1122/142706.576193:ERROR:ssl_client_socket_impl.cc(975)] handshake failed; returned -1, SSL error code 1, net_error -100
[7339:7347:1122/142707.773831:ERROR:ssl_client_socket_impl.cc(975)] handshake failed; returned -1, SSL error code 1, net_error -100
[7339:7347:1122/142744.303100:ERROR:ssl_client_socket_impl.cc(975)] handshake failed; returned -1, SSL error code 1, net_error -100
[7339:7347:1122/142744.310833:ERROR:ssl_client_socket_impl.cc(975)] handshake failed; returned -1, SSL error code 1, net_error -100
[7339:7347:1122/142744.334475:ERROR:ssl_client_socket_impl.cc(975)] handshake failed; returned -1, SSL error code 1, net_error -100
[7339:7347:1122/142744.607953:ERROR:ssl_client_socket_impl.cc(975)] handshake failed; returned -1, SSL error code 1, net_error -100
[7339:7347:1122/142745.485642:ERROR:ssl_client_socket_impl.cc(975)] handshake failed; returned -1, SSL error code 1, net_error -100
[7339:7347:1122/142745.496973:ERROR:ssl_client_socket_impl.cc(975)] handshake failed; returned -1, SSL error code 1, net_error -100
[7339:7347:1122/142745.529829:ERROR:ssl_client_socket_impl.cc(975)] handshake failed; returned -1, SSL error code 1, net_error -100
[7339:7347:1122/142745.798163:ERROR:ssl_client_socket_impl.cc(975)] handshake failed; returned -1, SSL error code 1, net_error -100
[7339:7347:1122/142746.696078:ERROR:ssl_client_socket_impl.cc(975)] handshake failed; returned -1, SSL error code 1, net_error -100
[7339:7347:1122/142746.724227:ERROR:ssl_client_socket_impl.cc(975)] handshake failed; returned -1, SSL error code 1, net_error -100
[7339:7347:1122/142746.994853:ERROR:ssl_client_socket_impl.cc(975)] handshake failed; returned -1, SSL error code 1, net_error -100
[7339:7347:1122/142747.889572:ERROR:ssl_client_socket_impl.cc(975)] handshake failed; returned -1, SSL error code 1, net_error -100
[7339:7347:1122/142747.913741:ERROR:ssl_client_socket_impl.cc(975)] handshake failed; returned -1, SSL error code 1, net_error -100
[7339:7347:1122/142748.184332:ERROR:ssl_client_socket_impl.cc(975)] handshake failed; returned -1, SSL error code 1, net_error -100
[7339:7347:1122/142749.101232:ERROR:ssl_client_socket_impl.cc(975)] handshake failed; returned -1, SSL error code 1, net_error -100
[7339:7347:1122/142749.102762:ERROR:ssl_client_socket_impl.cc(975)] handshake failed; returned -1, SSL error code 1, net_error -100
[7339:7347:1122/142749.372455:ERROR:ssl_client_socket_impl.cc(975)] handshake failed; returned -1, SSL error code 1, net_error -100
[7339:7347:1122/142749.424371:ERROR:ssl_client_socket_impl.cc(975)] handshake failed; returned -1, SSL error code 1, net_error -100
[7339:7347:1122/142750.301526:ERROR:ssl_client_socket_impl.cc(975)] handshake failed; returned -1, SSL error code 1, net_error -100
[7339:7347:1122/142750.328016:ERROR:ssl_client_socket_impl.cc(975)] handshake failed; returned -1, SSL error code 1, net_error -100
[7339:7347:1122/142750.573288:ERROR:ssl_client_socket_impl.cc(975)] handshake failed; returned -1, SSL error code 1, net_error -100
[7339:7347:1122/142750.621152:ERROR:ssl_client_socket_impl.cc(975)] handshake failed; returned -1, SSL error code 1, net_error -100
[7339:7347:1122/142751.513652:ERROR:ssl_client_socket_impl.cc(975)] handshake failed; returned -1, SSL error code 1, net_error -100
[7339:7347:1122/142751.764691:ERROR:ssl_client_socket_impl.cc(975)] handshake failed; returned -1, SSL error code 1, net_error -100
[7339:7347:1122/142751.813405:ERROR:ssl_client_socket_impl.cc(975)] handshake failed; returned -1, SSL error code 1, net_error -100
[7339:7347:1122/142752.694572:ERROR:ssl_client_socket_impl.cc(975)] handshake failed; returned -1, SSL error code 1, net_error -100
[7339:7347:1122/142752.961057:ERROR:ssl_client_socket_impl.cc(975)] handshake failed; returned -1, SSL error code 1, net_error -100
[7339:7347:1122/142753.000192:ERROR:ssl_client_socket_impl.cc(975)] handshake failed; returned -1, SSL error code 1, net_error -100
[7339:7347:1122/142753.880456:ERROR:ssl_client_socket_impl.cc(975)] handshake failed; returned -1, SSL error code 1, net_error -100
[7339:7347:1122/142754.157017:ERROR:ssl_client_socket_impl.cc(975)] handshake failed; returned -1, SSL error code 1, net_error -100
[7339:7347:1122/142754.205472:ERROR:ssl_client_socket_impl.cc(975)] handshake failed; returned -1, SSL error code 1, net_error -100
[7339:7347:1122/142755.073266:ERROR:ssl_client_socket_impl.cc(975)] handshake failed; returned -1, SSL error code 1, net_error -100
[7339:7347:1122/142755.355088:ERROR:ssl_client_socket_impl.cc(975)] handshake failed; returned -1, SSL error code 1, net_error -100
[7339:7347:1122/142755.404510:ERROR:ssl_client_socket_impl.cc(975)] handshake failed; returned -1, SSL error code 1, net_error -100
[7339:7347:1122/142756.273597:ERROR:ssl_client_socket_impl.cc(975)] handshake failed; returned -1, SSL error code 1, net_error -100
[7339:7347:1122/142756.545836:ERROR:ssl_client_socket_impl.cc(975)] handshake failed; returned -1, SSL error code 1, net_error -100
[7339:7347:1122/142756.597680:ERROR:ssl_client_socket_impl.cc(975)] handshake failed; returned -1, SSL error code 1, net_error -100
[7339:7347:1122/142757.466935:ERROR:ssl_client_socket_impl.cc(975)] handshake failed; returned -1, SSL error code 1, net_error -100
[7339:7347:1122/142757.744220:ERROR:ssl_client_socket_impl.cc(975)] handshake failed; returned -1, SSL error code 1, net_error -100
[7339:7347:1122/142757.782754:ERROR:ssl_client_socket_impl.cc(975)] handshake failed; returned -1, SSL error code 1, net_error -100
[7339:7347:1122/142758.665972:ERROR:ssl_client_socket_impl.cc(975)] handshake failed; returned -1, SSL error code 1, net_error -100
[7339:7347:1122/142758.931354:ERROR:ssl_client_socket_impl.cc(975)] handshake failed; returned -1, SSL error code 1, net_error -100
[7339:7347:1122/142758.976397:ERROR:ssl_client_socket_impl.cc(975)] handshake failed; returned -1, SSL error code 1, net_error -100
[7339:7347:1122/142759.857266:ERROR:ssl_client_socket_impl.cc(975)] handshake failed; returned -1, SSL error code 1, net_error -100
[7339:7347:1122/142800.127704:ERROR:ssl_client_socket_impl.cc(975)] handshake failed; returned -1, SSL error code 1, net_error -100
[7339:7347:1122/142800.195482:ERROR:ssl_client_socket_impl.cc(975)] handshake failed; returned -1, SSL error code 1, net_error -100
[7339:7347:1122/142801.052815:ERROR:ssl_client_socket_impl.cc(975)] handshake failed; returned -1, SSL error code 1, net_error -100
[7339:7347:1122/142802.264321:ERROR:ssl_client_socket_impl.cc(975)] handshake failed; returned -1, SSL error code 1, net_error -100
[7339:7347:1122/142839.244073:ERROR:ssl_client_socket_impl.cc(975)] handshake failed; returned -1, SSL error code 1, net_error -100
[7339:7347:1122/142840.441995:ERROR:ssl_client_socket_impl.cc(975)] handshake failed; returned -1, SSL error code 1, net_error -100
[7339:7347:1122/142943.996933:ERROR:ssl_client_socket_impl.cc(975)] handshake failed; returned -1, SSL error code 1, net_error -100
[7339:7347:1122/142944.016605:ERROR:ssl_client_socket_impl.cc(975)] handshake failed; returned -1, SSL error code 1, net_error -100
[7339:7347:1122/142945.187765:ERROR:ssl_client_socket_impl.cc(975)] handshake failed; returned -1, SSL error code 1, net_error -100
[7339:7347:1122/142945.210327:ERROR:ssl_client_socket_impl.cc(975)] handshake failed; returned -1, SSL error code 1, net_error -100
[7339:7347:1122/142946.408143:ERROR:ssl_client_socket_impl.cc(975)] handshake failed; returned -1, SSL error code 1, net_error -100
[7339:7347:1122/142947.602764:ERROR:ssl_client_socket_impl.cc(975)] handshake failed; returned -1, SSL error code 1, net_error -100
[7339:7347:1122/142948.798541:ERROR:ssl_client_socket_impl.cc(975)] handshake failed; returned -1, SSL error code 1, net_error -100
[7339:7347:1122/142949.999918:ERROR:ssl_client_socket_impl.cc(975)] handshake failed; returned -1, SSL error code 1, net_error -100
[7339:7347:1122/142951.187449:ERROR:ssl_client_socket_impl.cc(975)] handshake failed; returned -1, SSL error code 1, net_error -100
[7339:7347:1122/142951.806419:ERROR:ssl_client_socket_impl.cc(975)] handshake failed; returned -1, SSL error code 1, net_error -100
[7339:7347:1122/142952.378385:ERROR:ssl_client_socket_impl.cc(975)] handshake failed; returned -1, SSL error code 1, net_error -100
[7339:7347:1122/142953.010506:ERROR:ssl_client_socket_impl.cc(975)] handshake failed; returned -1, SSL error code 1, net_error -100
[7339:7347:1122/142954.213443:ERROR:ssl_client_socket_impl.cc(975)] handshake failed; returned -1, SSL error code 1, net_error -100
[7339:7347:1122/142954.756630:ERROR:ssl_client_socket_impl.cc(975)] handshake failed; returned -1, SSL error code 1, net_error -100
[7339:7347:1122/142955.424750:ERROR:ssl_client_socket_impl.cc(975)] handshake failed; returned -1, SSL error code 1, net_error -100
[7339:7347:1122/142956.064592:ERROR:ssl_client_socket_impl.cc(975)] handshake failed; returned -1, SSL error code 1, net_error -100
[7339:7347:1122/142957.638522:ERROR:ssl_client_socket_impl.cc(975)] handshake failed; returned -1, SSL error code 1, net_error -100
[7339:7347:1122/142957.756940:ERROR:ssl_client_socket_impl.cc(975)] handshake failed; returned -1, SSL error code 1, net_error -100
[7339:7347:1122/142958.851334:ERROR:ssl_client_socket_impl.cc(975)] handshake failed; returned -1, SSL error code 1, net_error -100
[7339:7347:1122/142958.967767:ERROR:ssl_client_socket_impl.cc(975)] handshake failed; returned -1, SSL error code 1, net_error -100
[7339:7347:1122/142959.116253:ERROR:ssl_client_socket_impl.cc(975)] handshake failed; returned -1, SSL error code 1, net_error -100
[7339:7347:1122/143000.313056:ERROR:ssl_client_socket_impl.cc(975)] handshake failed; returned -1, SSL error code 1, net_error -100
[7339:7347:1122/143000.749262:ERROR:ssl_client_socket_impl.cc(975)] handshake failed; returned -1, SSL error code 1, net_error -100
[7339:7347:1122/143001.116359:ERROR:ssl_client_socket_impl.cc(975)] handshake failed; returned -1, SSL error code 1, net_error -100
[7339:7347:1122/143001.943530:ERROR:ssl_client_socket_impl.cc(975)] handshake failed; returned -1, SSL error code 1, net_error -100
[7339:7347:1122/143002.683375:ERROR:ssl_client_socket_impl.cc(975)] handshake failed; returned -1, SSL error code 1, net_error -100
[7339:7347:1122/143003.877721:ERROR:ssl_client_socket_impl.cc(975)] handshake failed; returned -1, SSL error code 1, net_error -100
[7339:7347:1122/143005.093238:ERROR:ssl_client_socket_impl.cc(975)] handshake failed; returned -1, SSL error code 1, net_error -100
[7339:7347:1122/143007.208340:ERROR:ssl_client_socket_impl.cc(975)] handshake failed; returned -1, SSL error code 1, net_error -100
[7339:7347:1122/143008.201603:ERROR:ssl_client_socket_impl.cc(975)] handshake failed; returned -1, SSL error code 1, net_error -100
[7339:7347:1122/143008.392869:ERROR:ssl_client_socket_impl.cc(975)] handshake failed; returned -1, SSL error code 1, net_error -100
[7339:7347:1122/143009.405770:ERROR:ssl_client_socket_impl.cc(975)] handshake failed; returned -1, SSL error code 1, net_error -100
[7339:7347:1122/143012.474418:ERROR:ssl_client_socket_impl.cc(975)] handshake failed; returned -1, SSL error code 1, net_error -100
[7339:7347:1122/143013.617916:ERROR:ssl_client_socket_impl.cc(975)] handshake failed; returned -1, SSL error code 1, net_error -100
[7339:7347:1122/143013.687220:ERROR:ssl_client_socket_impl.cc(975)] handshake failed; returned -1, SSL error code 1, net_error -100
[7339:7347:1122/143015.230927:ERROR:ssl_client_socket_impl.cc(975)] handshake failed; returned -1, SSL error code 1, net_error -100
[7339:7347:1122/143017.338057:ERROR:ssl_client_socket_impl.cc(975)] handshake failed; returned -1, SSL error code 1, net_error -100
[7339:7347:1122/143018.539656:ERROR:ssl_client_socket_impl.cc(975)] handshake failed; returned -1, SSL error code 1, net_error -100
[7339:7347:1122/143019.486976:ERROR:ssl_client_socket_impl.cc(975)] handshake failed; returned -1, SSL error code 1, net_error -100
[7339:7347:1122/143020.684370:ERROR:ssl_client_socket_impl.cc(975)] handshake failed; returned -1, SSL error code 1, net_error -100
[7339:7347:1122/143021.442088:ERROR:ssl_client_socket_impl.cc(975)] handshake failed; returned -1, SSL error code 1, net_error -100
[7339:7347:1122/143022.345382:ERROR:ssl_client_socket_impl.cc(975)] handshake failed; returned -1, SSL error code 1, net_error -100
[7339:7347:1122/143022.632841:ERROR:ssl_client_socket_impl.cc(975)] handshake failed; returned -1, SSL error code 1, net_error -100
[7339:7347:1122/143023.544433:ERROR:ssl_client_socket_impl.cc(975)] handshake failed; returned -1, SSL error code 1, net_error -100
[7339:7347:1122/143024.982199:ERROR:ssl_client_socket_impl.cc(975)] handshake failed; returned -1, SSL error code 1, net_error -100
[7339:7347:1122/143026.176778:ERROR:ssl_client_socket_impl.cc(975)] handshake failed; returned -1, SSL error code 1, net_error -100
[7339:7347:1122/143027.418571:ERROR:ssl_client_socket_impl.cc(975)] handshake failed; returned -1, SSL error code 1, net_error -100
[7339:7347:1122/143028.615611:ERROR:ssl_client_socket_impl.cc(975)] handshake failed; returned -1, SSL error code 1, net_error -100
[7339:7347:1122/143037.802134:ERROR:ssl_client_socket_impl.cc(975)] handshake failed; returned -1, SSL error code 1, net_error -100
[7339:7347:1122/143039.002346:ERROR:ssl_client_socket_impl.cc(975)] handshake failed; returned -1, SSL error code 1, net_error -100
[7339:7347:1122/143042.241990:ERROR:ssl_client_socket_impl.cc(975)] handshake failed; returned -1, SSL error code 1, net_error -100
[7339:7347:1122/143043.436011:ERROR:ssl_client_socket_impl.cc(975)] handshake failed; returned -1, SSL error code 1, net_error -100
[7339:7347:1122/143044.674288:ERROR:ssl_client_socket_impl.cc(975)] handshake failed; returned -1, SSL error code 1, net_error -100
[7339:7347:1122/143044.684919:ERROR:ssl_client_socket_impl.cc(975)] handshake failed; returned -1, SSL error code 1, net_error -100
[7339:7347:1122/143044.943082:ERROR:ssl_client_socket_impl.cc(975)] handshake failed; returned -1, SSL error code 1, net_error -100
[7339:7347:1122/143045.864558:ERROR:ssl_client_socket_impl.cc(975)] handshake failed; returned -1, SSL error code 1, net_error -100
[7339:7347:1122/143045.876059:ERROR:ssl_client_socket_impl.cc(975)] handshake failed; returned -1, SSL error code 1, net_error -100
[7339:7347:1122/143046.140867:ERROR:ssl_client_socket_impl.cc(975)] handshake failed; returned -1, SSL error code 1, net_error -100
[7339:7347:1122/143047.064489:ERROR:ssl_client_socket_impl.cc(975)] handshake failed; returned -1, SSL error code 1, net_error -100
[7339:7347:1122/143048.033659:ERROR:ssl_client_socket_impl.cc(975)] handshake failed; returned -1, SSL error code 1, net_error -100
[7339:7347:1122/143048.255159:ERROR:ssl_client_socket_impl.cc(975)] handshake failed; returned -1, SSL error code 1, net_error -100
[7339:7347:1122/143049.222511:ERROR:ssl_client_socket_impl.cc(975)] handshake failed; returned -1, SSL error code 1, net_error -100
[7339:7347:1122/143050.456990:ERROR:ssl_client_socket_impl.cc(975)] handshake failed; returned -1, SSL error code 1, net_error -100
[7339:7347:1122/143051.652092:ERROR:ssl_client_socket_impl.cc(975)] handshake failed; returned -1, SSL error code 1, net_error -100
[7339:7347:1122/143052.853732:ERROR:ssl_client_socket_impl.cc(975)] handshake failed; returned -1, SSL error code 1, net_error -100
[7339:7347:1122/143054.052472:ERROR:ssl_client_socket_impl.cc(975)] handshake failed; returned -1, SSL error code 1, net_error -100
[7339:7347:1122/143055.251364:ERROR:ssl_client_socket_impl.cc(975)] handshake failed; returned -1, SSL error code 1, net_error -100
[7339:7347:1122/143055.929227:ERROR:ssl_client_socket_impl.cc(975)] handshake failed; returned -1, SSL error code 1, net_error -100
[7339:7347:1122/143056.461811:ERROR:ssl_client_socket_impl.cc(975)] handshake failed; returned -1, SSL error code 1, net_error -100
[7339:7347:1122/143057.146105:ERROR:ssl_client_socket_impl.cc(975)] handshake failed; returned -1, SSL error code 1, net_error -100
[7339:7347:1122/143057.668304:ERROR:ssl_client_socket_impl.cc(975)] handshake failed; returned -1, SSL error code 1, net_error -100
[7339:7347:1122/143058.579570:ERROR:ssl_client_socket_impl.cc(975)] handshake failed; returned -1, SSL error code 1, net_error -100
[7339:7347:1122/143058.863661:ERROR:ssl_client_socket_impl.cc(975)] handshake failed; returned -1, SSL error code 1, net_error -100
[7339:7347:1122/143059.014103:ERROR:ssl_client_socket_impl.cc(975)] handshake failed; returned -1, SSL error code 1, net_error -100
[7339:7347:1122/143059.780084:ERROR:ssl_client_socket_impl.cc(975)] handshake failed; returned -1, SSL error code 1, net_error -100
[7339:7347:1122/143100.215554:ERROR:ssl_client_socket_impl.cc(975)] handshake failed; returned -1, SSL error code 1, net_error -100
[7339:7347:1122/143101.131412:ERROR:ssl_client_socket_impl.cc(975)] handshake failed; returned -1, SSL error code 1, net_error -100
[7339:7347:1122/143102.328815:ERROR:ssl_client_socket_impl.cc(975)] handshake failed; returned -1, SSL error code 1, net_error -100
[7339:7347:1122/143103.530484:ERROR:ssl_client_socket_impl.cc(975)] handshake failed; returned -1, SSL error code 1, net_error -100
[7339:7347:1122/143104.717615:ERROR:ssl_client_socket_impl.cc(975)] handshake failed; returned -1, SSL error code 1, net_error -100
[7339:7347:1122/143111.231431:ERROR:ssl_client_socket_impl.cc(975)] handshake failed; returned -1, SSL error code 1, net_error -100
[7339:7347:1122/143112.446677:ERROR:ssl_client_socket_impl.cc(975)] handshake failed; returned -1, SSL error code 1, net_error -100
[7339:7347:1122/143115.514889:ERROR:ssl_client_socket_impl.cc(975)] handshake failed; returned -1, SSL error code 1, net_error -100
[7339:7347:1122/143116.086573:ERROR:ssl_client_socket_impl.cc(975)] handshake failed; returned -1, SSL error code 1, net_error -100
[7339:7347:1122/143116.095305:ERROR:ssl_client_socket_impl.cc(975)] handshake failed; returned -1, SSL error code 1, net_error -100
[7339:7347:1122/143116.392868:ERROR:ssl_client_socket_impl.cc(975)] handshake failed; returned -1, SSL error code 1, net_error -100
[7339:7347:1122/143116.719550:ERROR:ssl_client_socket_impl.cc(975)] handshake failed; returned -1, SSL error code 1, net_error -100
[7339:7347:1122/143116.752869:ERROR:ssl_client_socket_impl.cc(975)] handshake failed; returned -1, SSL error code 1, net_error -100
[7339:7347:1122/143117.274423:ERROR:ssl_client_socket_impl.cc(975)] handshake failed; returned -1, SSL error code 1, net_error -100
[7339:7347:1122/143117.294622:ERROR:ssl_client_socket_impl.cc(975)] handshake failed; returned -1, SSL error code 1, net_error -100
[7339:7347:1122/143117.436764:ERROR:ssl_client_socket_impl.cc(975)] handshake failed; returned -1, SSL error code 1, net_error -100
[7339:7347:1122/143117.499221:ERROR:ssl_client_socket_impl.cc(975)] handshake failed; returned -1, SSL error code 1, net_error -100
[7339:7347:1122/143117.589663:ERROR:ssl_client_socket_impl.cc(975)] handshake failed; returned -1, SSL error code 1, net_error -100
[7339:7347:1122/143118.006893:ERROR:ssl_client_socket_impl.cc(975)] handshake failed; returned -1, SSL error code 1, net_error -100
[7339:7347:1122/143118.518917:ERROR:ssl_client_socket_impl.cc(975)] handshake failed; returned -1, SSL error code 1, net_error -100
[7339:7347:1122/143118.642807:ERROR:ssl_client_socket_impl.cc(975)] handshake failed; returned -1, SSL error code 1, net_error -100
[7339:7347:1122/143118.710429:ERROR:ssl_client_socket_impl.cc(975)] handshake failed; returned -1, SSL error code 1, net_error -100
[7339:7347:1122/143118.800049:ERROR:ssl_client_socket_impl.cc(975)] handshake failed; returned -1, SSL error code 1, net_error -100
[7339:7347:1122/143119.391608:ERROR:ssl_client_socket_impl.cc(975)] handshake failed; returned -1, SSL error code 1, net_error -100
[7339:7347:1122/143119.729947:ERROR:ssl_client_socket_impl.cc(975)] handshake failed; returned -1, SSL error code 1, net_error -100
[7339:7347:1122/143120.013218:ERROR:ssl_client_socket_impl.cc(975)] handshake failed; returned -1, SSL error code 1, net_error -100
[7339:7347:1122/143120.603744:ERROR:ssl_client_socket_impl.cc(975)] handshake failed; returned -1, SSL error code 1, net_error -100
[7339:7347:1122/143122.671266:ERROR:ssl_client_socket_impl.cc(975)] handshake failed; returned -1, SSL error code 1, net_error -100
[7339:7347:1122/143122.978179:ERROR:ssl_client_socket_impl.cc(975)] handshake failed; returned -1, SSL error code 1, net_error -100
[7339:7347:1122/143123.861432:ERROR:ssl_client_socket_impl.cc(975)] handshake failed; returned -1, SSL error code 1, net_error -100
[7339:7347:1122/143123.978996:ERROR:ssl_client_socket_impl.cc(975)] handshake failed; returned -1, SSL error code 1, net_error -100
[7339:7347:1122/143124.194480:ERROR:ssl_client_socket_impl.cc(975)] handshake failed; returned -1, SSL error code 1, net_error -100
[7339:7347:1122/143125.217496:ERROR:ssl_client_socket_impl.cc(975)] handshake failed; returned -1, SSL error code 1, net_error -100
[7339:7347:1122/143126.787415:ERROR:ssl_client_socket_impl.cc(975)] handshake failed; returned -1, SSL error code 1, net_error -100
[7339:7347:1122/143128.121316:ERROR:ssl_client_socket_impl.cc(975)] handshake failed; returned -1, SSL error code 1, net_error -100
[7339:7347:1122/143129.571025:ERROR:ssl_client_socket_impl.cc(975)] handshake failed; returned -1, SSL error code 1, net_error -100
[7339:7347:1122/143130.336769:ERROR:ssl_client_socket_impl.cc(975)] handshake failed; returned -1, SSL error code 1, net_error -100
[7339:7347:1122/143130.768997:ERROR:ssl_client_socket_impl.cc(975)] handshake failed; returned -1, SSL error code 1, net_error -100
[7339:7347:1122/143131.549552:ERROR:ssl_client_socket_impl.cc(975)] handshake failed; returned -1, SSL error code 1, net_error -100
[7339:7347:1122/143132.530402:ERROR:ssl_client_socket_impl.cc(975)] handshake failed; returned -1, SSL error code 1, net_error -100
[7339:7347:1122/143133.721901:ERROR:ssl_client_socket_impl.cc(975)] handshake failed; returned -1, SSL error code 1, net_error -100
[7339:7347:1122/143134.950740:ERROR:ssl_client_socket_impl.cc(975)] handshake failed; returned -1, SSL error code 1, net_error -100
[7339:7347:1122/143136.152052:ERROR:ssl_client_socket_impl.cc(975)] handshake failed; returned -1, SSL error code 1, net_error -100
[7339:7347:1122/143136.723063:ERROR:ssl_client_socket_impl.cc(975)] handshake failed; returned -1, SSL error code 1, net_error -100
[7339:7347:1122/143137.956113:ERROR:ssl_client_socket_impl.cc(975)] handshake failed; returned -1, SSL error code 1, net_error -100
[7339:7347:1122/143139.149177:ERROR:ssl_client_socket_impl.cc(975)] handshake failed; returned -1, SSL error code 1, net_error -100
[7339:7347:1122/143140.362324:ERROR:ssl_client_socket_impl.cc(975)] handshake failed; returned -1, SSL error code 1, net_error -100
[7339:7347:1122/143141.767835:ERROR:ssl_client_socket_impl.cc(975)] handshake failed; returned -1, SSL error code 1, net_error -100
[7339:7347:1122/143142.992270:ERROR:ssl_client_socket_impl.cc(975)] handshake failed; returned -1, SSL error code 1, net_error -100
[7339:7347:1122/143209.224099:ERROR:ssl_client_socket_impl.cc(975)] handshake failed; returned -1, SSL error code 1, net_error -100
[7339:7347:1122/143209.227392:ERROR:ssl_client_socket_impl.cc(975)] handshake failed; returned -1, SSL error code 1, net_error -100
[7339:7347:1122/143210.412335:ERROR:ssl_client_socket_impl.cc(975)] handshake failed; returned -1, SSL error code 1, net_error -100
[7339:7347:1122/143210.426054:ERROR:ssl_client_socket_impl.cc(975)] handshake failed; returned -1, SSL error code 1, net_error -100
[7339:7347:1122/143211.637538:ERROR:ssl_client_socket_impl.cc(975)] handshake failed; returned -1, SSL error code 1, net_error -100
[7339:7347:1122/143211.773990:ERROR:ssl_client_socket_impl.cc(975)] handshake failed; returned -1, SSL error code 1, net_error -100
[7339:7347:1122/143212.844028:ERROR:ssl_client_socket_impl.cc(975)] handshake failed; returned -1, SSL error code 1, net_error -100
[7339:7347:1122/143212.965110:ERROR:ssl_client_socket_impl.cc(975)] handshake failed; returned -1, SSL error code 1, net_error -100
[7339:7347:1122/143214.077166:ERROR:ssl_client_socket_impl.cc(975)] handshake failed; returned -1, SSL error code 1, net_error -100
[7339:7347:1122/143214.177919:ERROR:ssl_client_socket_impl.cc(975)] handshake failed; returned -1, SSL error code 1, net_error -100
[7339:7347:1122/143214.353302:ERROR:ssl_client_socket_impl.cc(975)] handshake failed; returned -1, SSL error code 1, net_error -100
[7339:7347:1122/143215.282788:ERROR:ssl_client_socket_impl.cc(975)] handshake failed; returned -1, SSL error code 1, net_error -100
[7339:7347:1122/143215.388492:ERROR:ssl_client_socket_impl.cc(975)] handshake failed; returned -1, SSL error code 1, net_error -100
[7339:7347:1122/143215.593831:ERROR:ssl_client_socket_impl.cc(975)] handshake failed; returned -1, SSL error code 1, net_error -100
[7339:7347:1122/143216.328042:ERROR:ssl_client_socket_impl.cc(975)] handshake failed; returned -1, SSL error code 1, net_error -100
[7339:7347:1122/143216.594577:ERROR:ssl_client_socket_impl.cc(975)] handshake failed; returned -1, SSL error code 1, net_error -100
[7339:7347:1122/143217.097313:ERROR:ssl_client_socket_impl.cc(975)] handshake failed; returned -1, SSL error code 1, net_error -100
[7339:7347:1122/143217.546691:ERROR:ssl_client_socket_impl.cc(975)] handshake failed; returned -1, SSL error code 1, net_error -100
[7339:7347:1122/143217.805328:ERROR:ssl_client_socket_impl.cc(975)] handshake failed; returned -1, SSL error code 1, net_error -100
[7339:7347:1122/143218.293171:ERROR:ssl_client_socket_impl.cc(975)] handshake failed; returned -1, SSL error code 1, net_error -100
[7339:7347:1122/143218.998764:ERROR:ssl_client_socket_impl.cc(975)] handshake failed; returned -1, SSL error code 1, net_error -100
[7339:7347:1122/143219.008691:ERROR:ssl_client_socket_impl.cc(975)] handshake failed; returned -1, SSL error code 1, net_error -100
[7339:7347:1122/143219.492096:ERROR:ssl_client_socket_impl.cc(975)] handshake failed; returned -1, SSL error code 1, net_error -100
[7339:7347:1122/143220.204513:ERROR:ssl_client_socket_impl.cc(975)] handshake failed; returned -1, SSL error code 1, net_error -100
[7339:7347:1122/143220.219309:ERROR:ssl_client_socket_impl.cc(975)] handshake failed; returned -1, SSL error code 1, net_error -100
[7339:7347:1122/143220.693832:ERROR:ssl_client_socket_impl.cc(975)] handshake failed; returned -1, SSL error code 1, net_error -100
[7339:7347:1122/143221.178466:ERROR:ssl_client_socket_impl.cc(975)] handshake failed; returned -1, SSL error code 1, net_error -100
[7339:7347:1122/143221.452118:ERROR:ssl_client_socket_impl.cc(975)] handshake failed; returned -1, SSL error code 1, net_error -100
[7339:7347:1122/143221.836167:ERROR:ssl_client_socket_impl.cc(975)] handshake failed; returned -1, SSL error code 1, net_error -100
[7339:7347:1122/143221.977052:ERROR:ssl_client_socket_impl.cc(975)] handshake failed; returned -1, SSL error code 1, net_error -100
[7339:7347:1122/143222.150595:ERROR:ssl_client_socket_impl.cc(975)] handshake failed; returned -1, SSL error code 1, net_error -100
[7339:7347:1122/143222.373525:ERROR:ssl_client_socket_impl.cc(975)] handshake failed; returned -1, SSL error code 1, net_error -100
[7339:7347:1122/143222.648624:ERROR:ssl_client_socket_impl.cc(975)] handshake failed; returned -1, SSL error code 1, net_error -100
[7339:7347:1122/143223.026724:ERROR:ssl_client_socket_impl.cc(975)] handshake failed; returned -1, SSL error code 1, net_error -100
[7339:7347:1122/143223.229131:ERROR:ssl_client_socket_impl.cc(975)] handshake failed; returned -1, SSL error code 1, net_error -100
[7339:7347:1122/143223.352737:ERROR:ssl_client_socket_impl.cc(975)] handshake failed; returned -1, SSL error code 1, net_error -100
[7339:7347:1122/143223.877459:ERROR:ssl_client_socket_impl.cc(975)] handshake failed; returned -1, SSL error code 1, net_error -100
[7339:7347:1122/143224.214878:ERROR:ssl_client_socket_impl.cc(975)] handshake failed; returned -1, SSL error code 1, net_error -100
[7339:7347:1122/143224.435885:ERROR:ssl_client_socket_impl.cc(975)] handshake failed; returned -1, SSL error code 1, net_error -100
[7339:7347:1122/143224.554911:ERROR:ssl_client_socket_impl.cc(975)] handshake failed; returned -1, SSL error code 1, net_error -100
[7339:7347:1122/143225.090247:ERROR:ssl_client_socket_impl.cc(975)] handshake failed; returned -1, SSL error code 1, net_error -100
[7339:7347:1122/143225.424530:ERROR:ssl_client_socket_impl.cc(975)] handshake failed; returned -1, SSL error code 1, net_error -100
[7339:7347:1122/143225.637483:ERROR:ssl_client_socket_impl.cc(975)] handshake failed; returned -1, SSL error code 1, net_error -100
[7339:7347:1122/143225.760440:ERROR:ssl_client_socket_impl.cc(975)] handshake failed; returned -1, SSL error code 1, net_error -100
[7339:7347:1122/143226.276352:ERROR:ssl_client_socket_impl.cc(975)] handshake failed; returned -1, SSL error code 1, net_error -100
[7339:7347:1122/143226.652883:ERROR:ssl_client_socket_impl.cc(975)] handshake failed; returned -1, SSL error code 1, net_error -100
[7339:7347:1122/143226.844734:ERROR:ssl_client_socket_impl.cc(975)] handshake failed; returned -1, SSL error code 1, net_error -100
[7339:7347:1122/143226.974519:ERROR:ssl_client_socket_impl.cc(975)] handshake failed; returned -1, SSL error code 1, net_error -100
[7339:7347:1122/143227.484159:ERROR:ssl_client_socket_impl.cc(975)] handshake failed; returned -1, SSL error code 1, net_error -100
[7339:7347:1122/143227.850443:ERROR:ssl_client_socket_impl.cc(975)] handshake failed; returned -1, SSL error code 1, net_error -100
[7339:7347:1122/143228.044024:ERROR:ssl_client_socket_impl.cc(975)] handshake failed; returned -1, SSL error code 1, net_error -100
[7339:7347:1122/143228.169122:ERROR:ssl_client_socket_impl.cc(975)] handshake failed; returned -1, SSL error code 1, net_error -100
[7339:7347:1122/143229.045939:ERROR:ssl_client_socket_impl.cc(975)] handshake failed; returned -1, SSL error code 1, net_error -100
[7339:7347:1122/143229.364320:ERROR:ssl_client_socket_impl.cc(975)] handshake failed; returned -1, SSL error code 1, net_error -100
[7339:7347:1122/143230.245176:ERROR:ssl_client_socket_impl.cc(975)] handshake failed; returned -1, SSL error code 1, net_error -100
[7339:7347:1122/143230.559839:ERROR:ssl_client_socket_impl.cc(975)] handshake failed; returned -1, SSL error code 1, net_error -100
[7339:7347:1122/143231.184116:ERROR:ssl_client_socket_impl.cc(975)] handshake failed; returned -1, SSL error code 1, net_error -100
[7339:7347:1122/143231.911373:ERROR:ssl_client_socket_impl.cc(975)] handshake failed; returned -1, SSL error code 1, net_error -100
[7339:7347:1122/143232.387602:ERROR:ssl_client_socket_impl.cc(975)] handshake failed; returned -1, SSL error code 1, net_error -100
[7339:7347:1122/143233.109198:ERROR:ssl_client_socket_impl.cc(975)] handshake failed; returned -1, SSL error code 1, net_error -100
[7339:7347:1122/143243.419408:ERROR:ssl_client_socket_impl.cc(975)] handshake failed; returned -1, SSL error code 1, net_error -100
[7339:7347:1122/143244.628196:ERROR:ssl_client_socket_impl.cc(975)] handshake failed; returned -1, SSL error code 1, net_error -100
[7339:7347:1122/143318.812226:ERROR:ssl_client_socket_impl.cc(975)] handshake failed; returned -1, SSL error code 1, net_error -100
[7339:7347:1122/143319.999838:ERROR:ssl_client_socket_impl.cc(975)] handshake failed; returned -1, SSL error code 1, net_error -100
[7339:7347:1122/143421.281842:ERROR:ssl_client_socket_impl.cc(975)] handshake failed; returned -1, SSL error code 1, net_error -100
[7339:7347:1122/143422.488235:ERROR:ssl_client_socket_impl.cc(975)] handshake failed; returned -1, SSL error code 1, net_error -100
[7339:7347:1122/143423.834702:ERROR:ssl_client_socket_impl.cc(975)] handshake failed; returned -1, SSL error code 1, net_error -100
[7339:7347:1122/143425.039994:ERROR:ssl_client_socket_impl.cc(975)] handshake failed; returned -1, SSL error code 1, net_error -100
[7339:7347:1122/143431.194377:ERROR:ssl_client_socket_impl.cc(975)] handshake failed; returned -1, SSL error code 1, net_error -100
[7339:7347:1122/143432.405544:ERROR:ssl_client_socket_impl.cc(975)] handshake failed; returned -1, SSL error code 1, net_error -100
[7339:7347:1122/143445.146478:ERROR:ssl_client_socket_impl.cc(975)] handshake failed; returned -1, SSL error code 1, net_error -100
[7339:7347:1122/143446.337918:ERROR:ssl_client_socket_impl.cc(975)] handshake failed; returned -1, SSL error code 1, net_error -100
[7339:7347:1122/143456.677890:ERROR:ssl_client_socket_impl.cc(975)] handshake failed; returned -1, SSL error code 1, net_error -100
[7339:7347:1122/143457.866646:ERROR:ssl_client_socket_impl.cc(975)] handshake failed; returned -1, SSL error code 1, net_error -100
[7339:7347:1122/143501.191381:ERROR:ssl_client_socket_impl.cc(975)] handshake failed; returned -1, SSL error code 1, net_error -100
nextPendingConnection: "nekoraylocalserver-1114754472598044383" QLocalSocket(0x7f8430006e30)
qt.qpa.wayland: Wayland does not support QWindow::requestActivate()
nextPendingConnection: "nekoraylocalserver-1114754472598044383" QLocalSocket(0x7f8430006e30)
qt.qpa.wayland: Wayland does not support QWindow::requestActivate()
Gdk-Message: 14:57:51.638: Error reading events from display: Broken pipe
QSocketNotifier: Can only be used with threads started with QThread
QSocketNotifier: Can only be used with threads started with QThread
Start of data save
